c:\users\nuzha\desktop\paintbgi\bgi\debug\vc140.pdb
c:\users\nuzha\desktop\paintbgi\bgi\debug\vc140.idb
c:\users\nuzha\desktop\paintbgi\bgi\debug\bgiout.obj
c:\users\nuzha\desktop\paintbgi\bgi\debug\dibutil.obj
c:\users\nuzha\desktop\paintbgi\bgi\debug\drawing.obj
c:\users\nuzha\desktop\paintbgi\bgi\debug\file.obj
c:\users\nuzha\desktop\paintbgi\bgi\debug\misc.obj
c:\users\nuzha\desktop\paintbgi\bgi\debug\mouse.obj
c:\users\nuzha\desktop\paintbgi\bgi\debug\palette.obj
c:\users\nuzha\desktop\paintbgi\bgi\debug\main.obj
c:\users\nuzha\desktop\paintbgi\bgi\debug\text.obj
c:\users\nuzha\desktop\paintbgi\bgi\debug\winbgi.obj
c:\users\nuzha\desktop\paintbgi\bgi\debug\winthread.obj
c:\users\nuzha\desktop\paintbgi\bgi\debug\source.obj
c:\users\nuzha\desktop\paintbgi\bgi\debug\bgi.ilk
c:\users\nuzha\desktop\paintbgi\bgi\debug\bgi.exe
c:\users\nuzha\desktop\paintbgi\bgi\debug\bgi.pdb
c:\users\nuzha\desktop\paintbgi\bgi\debug\bgi.tlog\cl.command.1.tlog
c:\users\nuzha\desktop\paintbgi\bgi\debug\bgi.tlog\cl.read.1.tlog
c:\users\nuzha\desktop\paintbgi\bgi\debug\bgi.tlog\cl.write.1.tlog
c:\users\nuzha\desktop\paintbgi\bgi\debug\bgi.tlog\link.command.1.tlog
c:\users\nuzha\desktop\paintbgi\bgi\debug\bgi.tlog\link.read.1.tlog
c:\users\nuzha\desktop\paintbgi\bgi\debug\bgi.tlog\link.write.1.tlog
